[2023-05-22 16:10:21.145 INFO  restartedMain] [com.example.board7.Board7Application] Starting Board7Application using Java 17.0.7 with PID 5948 (D:\Students\Spring\board7\target\classes started by Administrator in D:\Students\Spring\board7)
[2023-05-22 16:10:21.146 INFO  restartedMain] [com.example.board7.Board7Application] No active profile set, falling back to 1 default profile: "default"
[2023-05-22 16:10:21.175 INFO  restartedMain] [org.springframework.boot.devtools.env.DevToolsPropertyDefaultsPostProcessor] Devtools property defaults active! Set 'spring.devtools.add-properties' to 'false' to disable
[2023-05-22 16:10:21.175 INFO  restartedMain] [org.springframework.boot.devtools.env.DevToolsPropertyDefaultsPostProcessor] For additional web related logging consider setting the 'logging.level.web' property to 'DEBUG'
[2023-05-22 16:10:21.965 INFO  restartedMain] [org.springframework.boot.web.embedded.tomcat.TomcatWebServer] Tomcat initialized with port(s): 8080 (http)
[2023-05-22 16:10:21.971 INFO  restartedMain] [org.apache.coyote.http11.Http11NioProtocol] Initializing ProtocolHandler ["http-nio-8080"]
[2023-05-22 16:10:21.972 INFO  restartedMain] [org.apache.catalina.core.StandardService] Starting service [Tomcat]
[2023-05-22 16:10:21.972 INFO  restartedMain] [org.apache.catalina.core.StandardEngine] Starting Servlet engine: [Apache Tomcat/10.1.8]
[2023-05-22 16:10:22.018 INFO  restartedMain] [org.apache.catalina.core.ContainerBase.[Tomcat].[localhost].[/]] Initializing Spring embedded WebApplicationContext
[2023-05-22 16:10:22.018 INFO  restartedMain] [org.springframework.boot.web.servlet.context.ServletWebServerApplicationContext] Root WebApplicationContext: initialization completed in 842 ms
[2023-05-22 16:10:22.487 INFO  restartedMain] [org.springframework.boot.devtools.autoconfigure.OptionalLiveReloadServer] LiveReload server is running on port 35729
[2023-05-22 16:10:22.499 INFO  restartedMain] [org.apache.coyote.http11.Http11NioProtocol] Starting ProtocolHandler ["http-nio-8080"]
[2023-05-22 16:10:22.514 INFO  restartedMain] [org.springframework.boot.web.embedded.tomcat.TomcatWebServer] Tomcat started on port(s): 8080 (http) with context path ''
[2023-05-22 16:10:22.521 INFO  restartedMain] [com.example.board7.Board7Application] Started Board7Application in 1.726 seconds (process running for 2.515)
[2023-05-22 16:10:25.165 INFO  restartedMain] [com.example.board7.Board7Application] Starting Board7Application using Java 17.0.7 with PID 7532 (D:\Students\Spring\board7\target\classes started by Administrator in D:\Students\Spring\board7)
[2023-05-22 16:10:25.166 INFO  restartedMain] [com.example.board7.Board7Application] No active profile set, falling back to 1 default profile: "default"
[2023-05-22 16:10:25.192 INFO  restartedMain] [org.springframework.boot.devtools.env.DevToolsPropertyDefaultsPostProcessor] Devtools property defaults active! Set 'spring.devtools.add-properties' to 'false' to disable
[2023-05-22 16:10:25.193 INFO  restartedMain] [org.springframework.boot.devtools.env.DevToolsPropertyDefaultsPostProcessor] For additional web related logging consider setting the 'logging.level.web' property to 'DEBUG'
[2023-05-22 16:10:25.898 INFO  restartedMain] [org.springframework.boot.web.embedded.tomcat.TomcatWebServer] Tomcat initialized with port(s): 8080 (http)
[2023-05-22 16:10:25.903 INFO  restartedMain] [org.apache.coyote.http11.Http11NioProtocol] Initializing ProtocolHandler ["http-nio-8080"]
[2023-05-22 16:10:25.904 INFO  restartedMain] [org.apache.catalina.core.StandardService] Starting service [Tomcat]
[2023-05-22 16:10:25.904 INFO  restartedMain] [org.apache.catalina.core.StandardEngine] Starting Servlet engine: [Apache Tomcat/10.1.8]
[2023-05-22 16:10:25.944 INFO  restartedMain] [org.apache.catalina.core.ContainerBase.[Tomcat].[localhost].[/]] Initializing Spring embedded WebApplicationContext
[2023-05-22 16:10:25.944 INFO  restartedMain] [org.springframework.boot.web.servlet.context.ServletWebServerApplicationContext] Root WebApplicationContext: initialization completed in 751 ms
[2023-05-22 16:10:26.368 INFO  restartedMain] [org.springframework.boot.devtools.autoconfigure.OptionalLiveReloadServer] LiveReload server is running on port 35729
[2023-05-22 16:10:26.379 INFO  restartedMain] [org.apache.coyote.http11.Http11NioProtocol] Starting ProtocolHandler ["http-nio-8080"]
[2023-05-22 16:10:26.405 INFO  restartedMain] [org.springframework.boot.web.embedded.tomcat.TomcatWebServer] Tomcat started on port(s): 8080 (http) with context path ''
[2023-05-22 16:10:26.416 INFO  restartedMain] [com.example.board7.Board7Application] Started Board7Application in 1.584 seconds (process running for 1.991)
[2023-05-22 16:39:24.835 INFO  restartedMain] [com.example.board7.Board7Application] Starting Board7Application using Java 17.0.7 with PID 11028 (D:\Students\Spring\board7\target\classes started by Administrator in D:\Students\Spring\board7)
[2023-05-22 16:39:24.836 INFO  restartedMain] [com.example.board7.Board7Application] No active profile set, falling back to 1 default profile: "default"
[2023-05-22 16:39:24.862 INFO  restartedMain] [org.springframework.boot.devtools.env.DevToolsPropertyDefaultsPostProcessor] Devtools property defaults active! Set 'spring.devtools.add-properties' to 'false' to disable
[2023-05-22 16:39:24.862 INFO  restartedMain] [org.springframework.boot.devtools.env.DevToolsPropertyDefaultsPostProcessor] For additional web related logging consider setting the 'logging.level.web' property to 'DEBUG'
[2023-05-22 16:39:25.605 INFO  restartedMain] [org.springframework.boot.web.embedded.tomcat.TomcatWebServer] Tomcat initialized with port(s): 8080 (http)
[2023-05-22 16:39:25.611 INFO  restartedMain] [org.apache.coyote.http11.Http11NioProtocol] Initializing ProtocolHandler ["http-nio-8080"]
[2023-05-22 16:39:25.611 INFO  restartedMain] [org.apache.catalina.core.StandardService] Starting service [Tomcat]
[2023-05-22 16:39:25.612 INFO  restartedMain] [org.apache.catalina.core.StandardEngine] Starting Servlet engine: [Apache Tomcat/10.1.8]
[2023-05-22 16:39:25.654 INFO  restartedMain] [org.apache.catalina.core.ContainerBase.[Tomcat].[localhost].[/]] Initializing Spring embedded WebApplicationContext
[2023-05-22 16:39:25.654 INFO  restartedMain] [org.springframework.boot.web.servlet.context.ServletWebServerApplicationContext] Root WebApplicationContext: initialization completed in 792 ms
[2023-05-22 16:39:26.085 INFO  restartedMain] [org.springframework.boot.devtools.autoconfigure.OptionalLiveReloadServer] LiveReload server is running on port 35729
[2023-05-22 16:39:26.096 INFO  restartedMain] [org.apache.coyote.http11.Http11NioProtocol] Starting ProtocolHandler ["http-nio-8080"]
[2023-05-22 16:39:26.110 INFO  restartedMain] [org.springframework.boot.web.embedded.tomcat.TomcatWebServer] Tomcat started on port(s): 8080 (http) with context path ''
[2023-05-22 16:39:26.116 INFO  restartedMain] [com.example.board7.Board7Application] Started Board7Application in 1.615 seconds (process running for 2.072)
[2023-05-22 16:40:00.569 INFO  restartedMain] [com.example.board7.Board7Application] Starting Board7Application using Java 17.0.7 with PID 12524 (D:\Students\Spring\board7\target\classes started by Administrator in D:\Students\Spring\board7)
[2023-05-22 16:40:00.570 INFO  restartedMain] [com.example.board7.Board7Application] No active profile set, falling back to 1 default profile: "default"
[2023-05-22 16:40:00.597 INFO  restartedMain] [org.springframework.boot.devtools.env.DevToolsPropertyDefaultsPostProcessor] Devtools property defaults active! Set 'spring.devtools.add-properties' to 'false' to disable
[2023-05-22 16:40:00.597 INFO  restartedMain] [org.springframework.boot.devtools.env.DevToolsPropertyDefaultsPostProcessor] For additional web related logging consider setting the 'logging.level.web' property to 'DEBUG'
[2023-05-22 16:40:01.314 INFO  restartedMain] [org.springframework.boot.web.embedded.tomcat.TomcatWebServer] Tomcat initialized with port(s): 8080 (http)
[2023-05-22 16:40:01.320 INFO  restartedMain] [org.apache.coyote.http11.Http11NioProtocol] Initializing ProtocolHandler ["http-nio-8080"]
[2023-05-22 16:40:01.320 INFO  restartedMain] [org.apache.catalina.core.StandardService] Starting service [Tomcat]
[2023-05-22 16:40:01.320 INFO  restartedMain] [org.apache.catalina.core.StandardEngine] Starting Servlet engine: [Apache Tomcat/10.1.8]
[2023-05-22 16:40:01.360 INFO  restartedMain] [org.apache.catalina.core.ContainerBase.[Tomcat].[localhost].[/]] Initializing Spring embedded WebApplicationContext
[2023-05-22 16:40:01.360 INFO  restartedMain] [org.springframework.boot.web.servlet.context.ServletWebServerApplicationContext] Root WebApplicationContext: initialization completed in 763 ms
[2023-05-22 16:40:01.780 INFO  restartedMain] [org.springframework.boot.devtools.autoconfigure.OptionalLiveReloadServer] LiveReload server is running on port 35729
[2023-05-22 16:40:01.790 INFO  restartedMain] [org.apache.coyote.http11.Http11NioProtocol] Starting ProtocolHandler ["http-nio-8080"]
[2023-05-22 16:40:01.803 INFO  restartedMain] [org.springframework.boot.web.embedded.tomcat.TomcatWebServer] Tomcat started on port(s): 8080 (http) with context path ''
[2023-05-22 16:40:01.810 INFO  restartedMain] [com.example.board7.Board7Application] Started Board7Application in 1.581 seconds (process running for 1.994)
[2023-05-22 16:57:43.691 INFO  restartedMain] [com.example.board7.Board7Application] Starting Board7Application using Java 17.0.7 with PID 6924 (D:\Students\Spring\board7\target\classes started by Administrator in D:\Students\Spring\board7)
[2023-05-22 16:57:43.693 INFO  restartedMain] [com.example.board7.Board7Application] No active profile set, falling back to 1 default profile: "default"
[2023-05-22 16:57:43.720 INFO  restartedMain] [org.springframework.boot.devtools.env.DevToolsPropertyDefaultsPostProcessor] Devtools property defaults active! Set 'spring.devtools.add-properties' to 'false' to disable
[2023-05-22 16:57:43.720 INFO  restartedMain] [org.springframework.boot.devtools.env.DevToolsPropertyDefaultsPostProcessor] For additional web related logging consider setting the 'logging.level.web' property to 'DEBUG'
[2023-05-22 16:57:44.445 INFO  restartedMain] [org.springframework.boot.web.embedded.tomcat.TomcatWebServer] Tomcat initialized with port(s): 8080 (http)
[2023-05-22 16:57:44.451 INFO  restartedMain] [org.apache.coyote.http11.Http11NioProtocol] Initializing ProtocolHandler ["http-nio-8080"]
[2023-05-22 16:57:44.451 INFO  restartedMain] [org.apache.catalina.core.StandardService] Starting service [Tomcat]
[2023-05-22 16:57:44.452 INFO  restartedMain] [org.apache.catalina.core.StandardEngine] Starting Servlet engine: [Apache Tomcat/10.1.8]
[2023-05-22 16:57:44.492 INFO  restartedMain] [org.apache.catalina.core.ContainerBase.[Tomcat].[localhost].[/]] Initializing Spring embedded WebApplicationContext
[2023-05-22 16:57:44.492 INFO  restartedMain] [org.springframework.boot.web.servlet.context.ServletWebServerApplicationContext] Root WebApplicationContext: initialization completed in 772 ms
[2023-05-22 16:57:44.917 INFO  restartedMain] [org.springframework.boot.devtools.autoconfigure.OptionalLiveReloadServer] LiveReload server is running on port 35729
[2023-05-22 16:57:44.928 INFO  restartedMain] [org.apache.coyote.http11.Http11NioProtocol] Starting ProtocolHandler ["http-nio-8080"]
[2023-05-22 16:57:44.941 INFO  restartedMain] [org.springframework.boot.web.embedded.tomcat.TomcatWebServer] Tomcat started on port(s): 8080 (http) with context path ''
[2023-05-22 16:57:44.948 INFO  restartedMain] [com.example.board7.Board7Application] Started Board7Application in 1.587 seconds (process running for 2.012)
